memtest.c:22 `10003000' allocated.
memtest.c:22 `10003800' allocated.
memtest.c:22 `1000e000' allocated.
memtest.c:22 `1000e800' allocated.
memtest.c:22 `1000f000' allocated.
memtest.c:22 `1000f800' allocated.
memtest.c:22 `10010000' allocated.
memtest.c:22 `10010800' allocated.
memtest.c:22 `10011000' allocated.
memtest.c:22 `10011800' allocated.
memtest.c:25 `10003000' deallocated.
memtest.c:25 `10012000' allocated.
memtest.c:25 `10003800' deallocated.
memtest.c:25 `10014000' allocated.
memtest.c:25 `1000e000' deallocated.
memtest.c:25 `10016000' allocated.
memtest.c:25 `1000e800' deallocated.
memtest.c:25 `10018000' allocated.
memtest.c:25 `1000f000' deallocated.
memtest.c:25 `1001a000' allocated.
memtest.c:25 `1000f800' deallocated.
memtest.c:25 `1001c000' allocated.
memtest.c:25 `10010000' deallocated.
memtest.c:25 `1001e000' allocated.
memtest.c:25 `10010800' deallocated.
memtest.c:25 `10020000' allocated.
memtest.c:25 `10011000' deallocated.
memtest.c:25 `10022000' allocated.
memtest.c:25 `10011800' deallocated.
memtest.c:25 `10024000' allocated.
memtest.c:28 `10012000' deallocated.
memtest.c:28 `10014000' deallocated.
memtest.c:28 `10016000' deallocated.
memtest.c:28 `10018000' deallocated.
memtest.c:28 `1001a000' deallocated.
memtest.c:30:***** BEGIN ALLOCATIONS
memtest.c:25 `1001c000' present.
memtest.c:25 `10024000' present.
memtest.c:25 `1001e000' present.
memtest.c:25 `10020000' present.
memtest.c:25 `10022000' present.
memtest.c:30:***** END ALLOCATIONS
memtest.c:33 `10012000' deallocated.
memtest.c:33 *** Memory deallocation error for `10012000'.
