SunOS bingsun1 5.5 Generic_103093-02 sun4m sparc SUNW,SPARCsystem-600
Sun Oct 20 19:12:27 EDT 1996

cscan1:	A C-scanner which recognizes and returns tokens. It uses
	start-states for processing comments.
	wc on input file: 71100 275460 2192880 cscan1.in

========================================================================
SCANGEN    OPTIONS                SIZES                   TIMES
                      TEXT   DATA     BSS  TOTAL     USER SYS  TOTAL
========================================================================
zlex                  81074    496    356  81926    1.20  0.10  1.30
  --reject=0 --back=0 --compress=no --table=addr --equiv=0 --align
------------------------------------------------------------------------
zlex                  81074    496    356  81926    1.13  0.10  1.23
  --reject=0 --back=0 --compress=no --table=addr --equiv=0
------------------------------------------------------------------------
zlex                  17618    496    356  18470    1.13  0.17  1.30
  --reject=0 --back=0 --compress=no --table=addr --equiv=1
------------------------------------------------------------------------
zlex                  44530    496    356  45382    0.90  0.17  1.07
  --reject=0  --back=0 --compress=no --table=state --equiv=0
------------------------------------------------------------------------
zlex                  13010    496    356  13862    1.03  0.17  1.20
  --reject=0 --back=0 --compress=no --table=state --equiv=1
------------------------------------------------------------------------
zlex                  80994    496    356  81846    0.93  0.17  1.10
  --reject=0 --back=0 --compress=no --table=state --equiv=0 --align
------------------------------------------------------------------------
zlex                  18442    496    356  19294    0.97  0.17  1.14
  --reject=0 --back=0 --compress=no --table=state --equiv=1 --align
------------------------------------------------------------------------
zlex                  32610    496    356  33462    1.23  0.13  1.36
  --reject=0 --back=0 --compress=iter --table=addr --equiv=0
------------------------------------------------------------------------
zlex                  15338    496    356  16190    1.37  0.13  1.50
  --reject=0 --back=0 --compress=iter --table=addr --equiv=1
------------------------------------------------------------------------
zlex                  18978    496    356  19830    1.67  0.13  1.80
  --reject=0 --back=0 --compress=iter --table=state --equiv=0
------------------------------------------------------------------------
zlex                  10778    496    356  11630    1.50  0.20  1.70
  --reject=0 --back=0 --compress=iter --table=state --equiv=1
------------------------------------------------------------------------
zlex                  29674    496    356  30526    1.53  0.20  1.73
  --reject=0 --back=0 --compress=iter --table=state --equiv=0 --align
------------------------------------------------------------------------
zlex                  15050    496    356  15902    1.60  0.17  1.77
  --reject=0 --back=0 --compress=iter --table=state --equiv=1 --align
------------------------------------------------------------------------
zlex                  36634    496    356  37486    1.50  0.17  1.67
  --reject=0 --back=0 --compress=comb --table=addr --equiv=0
------------------------------------------------------------------------
zlex                  15618    496    356  16470    1.33  0.20  1.53
  --reject=0 --back=0 --compress=comb --table=addr --equiv=1
------------------------------------------------------------------------
zlex                  19322    496    356  20174    1.40  0.17  1.57
  --reject=0 --back=0 --compress=comb --table=state --equiv=0
------------------------------------------------------------------------
zlex                  10802    496    356  11654    1.23  0.20  1.43
  --reject=0 --back=0 --compress=comb --table=state --equiv=1
------------------------------------------------------------------------
zlex                  30442    496    356  31294    1.37  0.13  1.50
  --reject=0 --back=0 --compress=comb --table=state --equiv=0 --align
------------------------------------------------------------------------
zlex                  15250    496    356  16102    1.57  0.20  1.77
  --reject=0 --back=0 --compress=comb --table=state --equiv=1 --align
------------------------------------------------------------------------
zlex                  22618    496    356  23470    1.27  0.13  1.40
  --reject=0 --back=0 --compress=comb --table=index --equiv=0
------------------------------------------------------------------------
zlex                  12250    496    356  13102    1.50  0.13  1.63
  --reject=0 --back=0 --compress=comb --table=index --equiv=1
------------------------------------------------------------------------
zlex                  36762    496    356  37614    1.37  0.13  1.50
  --reject=0 --back=0 --compress=comb --table=index --equiv=0 --align
------------------------------------------------------------------------
zlex                  16522    496    356  17374    1.47  0.17  1.64
  --reject=0 --back=0 --compress=comb --table=index --equiv=1 --align
------------------------------------------------------------------------
zlex                  80978    496    356  81830    1.37  0.17  1.54
  --reject=0 --back=1 --compress=no --table=addr --equiv=0 --align
------------------------------------------------------------------------
zlex                  80978    496    356  81830    1.43  0.17  1.60
  --reject=0 --back=1 --compress=no --table=addr --equiv=0
------------------------------------------------------------------------
zlex                  17450    496    356  18302    1.40  0.17  1.57
  --reject=0 --back=1 --compress=no --table=addr --equiv=1
------------------------------------------------------------------------
zlex                  26210    496    356  27062    1.07  0.17  1.24
  --reject=0  --back=1 --compress=no --table=state --equiv=0
------------------------------------------------------------------------
zlex                  10578    496    356  11430    1.23  0.17  1.40
  --reject=0 --back=1 --compress=no --table=state --equiv=1
------------------------------------------------------------------------
zlex                  80914    496    356  81766    1.07  0.20  1.27
  --reject=0 --back=1 --compress=no --table=state --equiv=0 --align
------------------------------------------------------------------------
zlex                  18346    496    356  19198    1.13  0.20  1.33
  --reject=0 --back=1 --compress=no --table=state --equiv=1 --align
------------------------------------------------------------------------
zlex                  16866    496    356  17718    1.77  0.13  1.90
  --reject=0 --back=1 --compress=iter --table=addr --equiv=0
------------------------------------------------------------------------
zlex                  12130    496    356  12982    1.63  0.17  1.80
  --reject=0 --back=1 --compress=iter --table=addr --equiv=1
------------------------------------------------------------------------
zlex                  10946    496    356  11798    1.90  0.17  2.07
  --reject=0 --back=1 --compress=iter --table=state --equiv=0
------------------------------------------------------------------------
zlex                   9018    496    356   9870    1.70  0.17  1.87
  --reject=0 --back=1 --compress=iter --table=state --equiv=1
------------------------------------------------------------------------
zlex                  15538    496    356  16390    1.90  0.20  2.10
  --reject=0 --back=1 --compress=iter --table=state --equiv=0 --align
------------------------------------------------------------------------
zlex                  11818    496    356  12670    1.73  0.10  1.83
  --reject=0 --back=1 --compress=iter --table=state --equiv=1 --align
------------------------------------------------------------------------
zlex                  36458    496    356  37310    1.47  0.13  1.60
  --reject=0 --back=1 --compress=comb --table=addr --equiv=0
------------------------------------------------------------------------
zlex                  15434    496    356  16286    1.57  0.17  1.74
  --reject=0 --back=1 --compress=comb --table=addr --equiv=1
------------------------------------------------------------------------
zlex                  16474    496    356  17326    1.50  0.17  1.67
  --reject=0 --back=1 --compress=comb --table=state --equiv=0
------------------------------------------------------------------------
zlex                   9898    496    356  10750    1.53  0.13  1.66
  --reject=0 --back=1 --compress=comb --table=state --equiv=1
------------------------------------------------------------------------
zlex                  30330    496    356  31182    1.67  0.13  1.80
  --reject=0 --back=1 --compress=comb --table=state --equiv=0 --align
------------------------------------------------------------------------
zlex                  15106    496    356  15958    1.67  0.17  1.84
  --reject=0 --back=1 --compress=comb --table=state --equiv=1 --align
------------------------------------------------------------------------
zlex                  22434    496    356  23286    1.50  0.17  1.67
  --reject=0 --back=1 --compress=comb --table=index --equiv=0
------------------------------------------------------------------------
zlex                  12058    496    356  12910    1.67  0.20  1.87
  --reject=0 --back=1 --compress=comb --table=index --equiv=1
------------------------------------------------------------------------
zlex                  36642    496    356  37494    1.53  0.13  1.66
  --reject=0 --back=1 --compress=comb --table=index --equiv=0 --align
------------------------------------------------------------------------
zlex                  16386    496    356  17238    1.63  0.17  1.80
  --reject=0 --back=1 --compress=comb --table=index --equiv=1 --align
------------------------------------------------------------------------
flex    -CrF          33268    384    368  34020    1.40  0.20  1.60
------------------------------------------------------------------------
flex    -Crf          38012    364    364  38740    1.27  0.20  1.47
------------------------------------------------------------------------
flex    -CrFe         15876    384    368  16628    1.97  0.10  2.07
------------------------------------------------------------------------
flex    -Crfe         17132    364    364  17860    1.53  0.10  1.63
------------------------------------------------------------------------
flex    -Cr           27308    364    364  28036    2.70  0.13  2.83
------------------------------------------------------------------------
flex    -Cre          12956    364    364  13684    2.67  0.17  2.84
------------------------------------------------------------------------
flex    -Crm          15524    364    364  16252    2.77  0.13  2.90
------------------------------------------------------------------------
flex    -Crem         12356    364    364  13084    2.77  0.13  2.90
------------------------------------------------------------------------
flex    -CrFa         57900    384    368  58652    1.50  0.20  1.70
------------------------------------------------------------------------
flex    -Crfa         66908    364    364  67636    1.33  0.17  1.50
------------------------------------------------------------------------
lex     -n             5665   6348   6176  18189    5.23  0.23  5.46
------------------------------------------------------------------------

cscan2:	A C-scanner which recognizes and returns tokens. It uses
	input() for processing comments.
	wc on input file: 71100 275460 2192880 cscan2.in

========================================================================
SCANGEN    OPTIONS                SIZES                   TIMES
                      TEXT   DATA     BSS  TOTAL     USER SYS  TOTAL
========================================================================
zlex                  75194    496    356  76046    1.30  0.20  1.50
  --reject=0 --back=0 --compress=no --table=addr --equiv=0 --align
------------------------------------------------------------------------
zlex                  75194    496    356  76046    1.23  0.17  1.40
  --reject=0 --back=0 --compress=no --table=addr --equiv=0
------------------------------------------------------------------------
zlex                  17066    496    356  17918    1.37  0.20  1.57
  --reject=0 --back=0 --compress=no --table=addr --equiv=1
------------------------------------------------------------------------
zlex                  41658    496    356  42510    1.27  0.17  1.44
  --reject=0  --back=0 --compress=no --table=state --equiv=0
------------------------------------------------------------------------
zlex                  12842    496    356  13694    1.33  0.17  1.50
  --reject=0 --back=0 --compress=no --table=state --equiv=1
------------------------------------------------------------------------
zlex                  74978    496    356  75830    1.33  0.20  1.53
  --reject=0 --back=0 --compress=no --table=state --equiv=0 --align
------------------------------------------------------------------------
zlex                  17818    496    356  18670    1.40  0.20  1.60
  --reject=0 --back=0 --compress=no --table=state --equiv=1 --align
------------------------------------------------------------------------
zlex                  32642    496    356  33494    1.50  0.17  1.67
  --reject=0 --back=0 --compress=iter --table=addr --equiv=0
------------------------------------------------------------------------
zlex                  15242    496    356  16094    1.57  0.13  1.70
  --reject=0 --back=0 --compress=iter --table=addr --equiv=1
------------------------------------------------------------------------
zlex                  19130    496    356  19982    1.63  0.20  1.83
  --reject=0 --back=0 --compress=iter --table=state --equiv=0
------------------------------------------------------------------------
zlex                  10922    496    356  11774    1.73  0.13  1.86
  --reject=0 --back=0 --compress=iter --table=state --equiv=1
------------------------------------------------------------------------
zlex                  29690    496    356  30542    1.70  0.20  1.90
  --reject=0 --back=0 --compress=iter --table=state --equiv=0 --align
------------------------------------------------------------------------
zlex                  15018    496    356  15870    1.60  0.17  1.77
  --reject=0 --back=0 --compress=iter --table=state --equiv=1 --align
------------------------------------------------------------------------
zlex                  36778    496    356  37630    1.60  0.17  1.77
  --reject=0 --back=0 --compress=comb --table=addr --equiv=0
------------------------------------------------------------------------
zlex                  15474    496    356  16326    1.70  0.10  1.80
  --reject=0 --back=0 --compress=comb --table=addr --equiv=1
------------------------------------------------------------------------
zlex                  19490    496    356  20342    1.67  0.17  1.84
  --reject=0 --back=0 --compress=comb --table=state --equiv=0
------------------------------------------------------------------------
zlex                  10946    496    356  11798    1.67  0.20  1.87
  --reject=0 --back=0 --compress=comb --table=state --equiv=1
------------------------------------------------------------------------
zlex                  30506    496    356  31358    1.70  0.13  1.83
  --reject=0 --back=0 --compress=comb --table=state --equiv=0 --align
------------------------------------------------------------------------
zlex                  15218    496    356  16070    1.87  0.20  2.07
  --reject=0 --back=0 --compress=comb --table=state --equiv=1 --align
------------------------------------------------------------------------
zlex                  22778    496    356  23630    1.50  0.20  1.70
  --reject=0 --back=0 --compress=comb --table=index --equiv=0
------------------------------------------------------------------------
zlex                  12274    496    356  13126    1.73  0.17  1.90
  --reject=0 --back=0 --compress=comb --table=index --equiv=1
------------------------------------------------------------------------
zlex                  36826    496    356  37678    1.80  0.20  2.00
  --reject=0 --back=0 --compress=comb --table=index --equiv=0 --align
------------------------------------------------------------------------
zlex                  16298    496    356  17150    1.70  0.13  1.83
  --reject=0 --back=0 --compress=comb --table=index --equiv=1 --align
------------------------------------------------------------------------
zlex                  75122    496    356  75974    1.53  0.17  1.70
  --reject=0 --back=1 --compress=no --table=addr --equiv=0 --align
------------------------------------------------------------------------
zlex                  75122    496    356  75974    1.57  0.17  1.74
  --reject=0 --back=1 --compress=no --table=addr --equiv=0
------------------------------------------------------------------------
zlex                  16946    496    356  17798    1.67  0.13  1.80
  --reject=0 --back=1 --compress=no --table=addr --equiv=1
------------------------------------------------------------------------
zlex                  24938    496    356  25790    1.40  0.17  1.57
  --reject=0  --back=1 --compress=no --table=state --equiv=0
------------------------------------------------------------------------
zlex                  10650    496    356  11502    1.57  0.13  1.70
  --reject=0 --back=1 --compress=no --table=state --equiv=1
------------------------------------------------------------------------
zlex                  74922    496    356  75774    1.40  0.17  1.57
  --reject=0 --back=1 --compress=no --table=state --equiv=0 --align
------------------------------------------------------------------------
zlex                  17730    496    356  18582    1.53  0.10  1.63
  --reject=0 --back=1 --compress=no --table=state --equiv=1 --align
------------------------------------------------------------------------
zlex                  16514    496    356  17366    1.90  0.13  2.03
  --reject=0 --back=1 --compress=iter --table=addr --equiv=0
------------------------------------------------------------------------
zlex                  12130    496    356  12982    1.80  0.17  1.97
  --reject=0 --back=1 --compress=iter --table=addr --equiv=1
------------------------------------------------------------------------
zlex                  11186    496    356  12038    2.03  0.17  2.20
  --reject=0 --back=1 --compress=iter --table=state --equiv=0
------------------------------------------------------------------------
zlex                   9234    496    356  10086    1.80  0.17  1.97
  --reject=0 --back=1 --compress=iter --table=state --equiv=1
------------------------------------------------------------------------
zlex                  15642    496    356  16494    2.03  0.17  2.20
  --reject=0 --back=1 --compress=iter --table=state --equiv=0 --align
------------------------------------------------------------------------
zlex                  11794    496    356  12646    1.90  0.20  2.10
  --reject=0 --back=1 --compress=iter --table=state --equiv=1 --align
------------------------------------------------------------------------
zlex                  36666    496    356  37518    1.70  0.13  1.83
  --reject=0 --back=1 --compress=comb --table=addr --equiv=0
------------------------------------------------------------------------
zlex                  15338    496    356  16190    1.80  0.17  1.97
  --reject=0 --back=1 --compress=comb --table=addr --equiv=1
------------------------------------------------------------------------
zlex                  16706    496    356  17558    1.77  0.23  2.00
  --reject=0 --back=1 --compress=comb --table=state --equiv=0
------------------------------------------------------------------------
zlex                  10106    496    356  10958    1.77  0.20  1.97
  --reject=0 --back=1 --compress=comb --table=state --equiv=1
------------------------------------------------------------------------
zlex                  30410    496    356  31262    1.77  0.20  1.97
  --reject=0 --back=1 --compress=comb --table=state --equiv=0 --align
------------------------------------------------------------------------
zlex                  15082    496    356  15934    1.80  0.17  1.97
  --reject=0 --back=1 --compress=comb --table=state --equiv=1 --align
------------------------------------------------------------------------
zlex                  22658    496    356  23510    1.70  0.13  1.83
  --reject=0 --back=1 --compress=comb --table=index --equiv=0
------------------------------------------------------------------------
zlex                  12130    496    356  12982    1.87  0.13  2.00
  --reject=0 --back=1 --compress=comb --table=index --equiv=1
------------------------------------------------------------------------
zlex                  36730    496    356  37582    1.70  0.20  1.90
  --reject=0 --back=1 --compress=comb --table=index --equiv=0 --align
------------------------------------------------------------------------
zlex                  16170    496    356  17022    1.93  0.17  2.10
  --reject=0 --back=1 --compress=comb --table=index --equiv=1 --align
------------------------------------------------------------------------
flex    -CrF          29956    376    368  30700    1.70  0.13  1.83
------------------------------------------------------------------------
flex    -Crf          35628    364    364  36356    1.63  0.17  1.80
------------------------------------------------------------------------
flex    -CrFe         15036    376    368  15780    1.87  0.13  2.00
------------------------------------------------------------------------
flex    -Crfe         16516    364    364  17244    1.73  0.17  1.90
------------------------------------------------------------------------
flex    -Cr           19820    364    364  20548    2.60  0.13  2.73
------------------------------------------------------------------------
flex    -Cre          12460    364    364  13188    2.60  0.17  2.77
------------------------------------------------------------------------
flex    -Crm          14980    364    364  15708    2.73  0.13  2.86
------------------------------------------------------------------------
flex    -Crem         12180    364    364  12908    2.70  0.13  2.83
------------------------------------------------------------------------
flex    -CrFa         51300    376    368  52044    1.70  0.17  1.87
------------------------------------------------------------------------
flex    -Crfa         62196    364    364  62924    1.60  0.10  1.70
------------------------------------------------------------------------
lex     -n             5841   5932   6176  17949    4.00  0.17  4.17
------------------------------------------------------------------------

crec1:	A C-scanner which simply RECOGNIZES tokens; it uses start-states 
	for processing comments.
	wc on input file: 71100 275460 2192880 crec1.in

========================================================================
SCANGEN    OPTIONS                SIZES                   TIMES
                      TEXT   DATA     BSS  TOTAL     USER SYS  TOTAL
========================================================================
zlex                  80730    492    344  81566    0.73  0.17  0.90
  --reject=0 --back=0 --compress=no --table=addr --equiv=0 --align
------------------------------------------------------------------------
zlex                  80730    492    344  81566    0.73  0.17  0.90
  --reject=0 --back=0 --compress=no --table=addr --equiv=0
------------------------------------------------------------------------
zlex                  17274    492    344  18110    0.97  0.17  1.14
  --reject=0 --back=0 --compress=no --table=addr --equiv=1
------------------------------------------------------------------------
zlex                  44178    492    344  45014    0.70  0.20  0.90
  --reject=0  --back=0 --compress=no --table=state --equiv=0
------------------------------------------------------------------------
zlex                  12666    492    344  13502    0.90  0.17  1.07
  --reject=0 --back=0 --compress=no --table=state --equiv=1
------------------------------------------------------------------------
zlex                  80642    492    344  81478    0.80  0.10  0.90
  --reject=0 --back=0 --compress=no --table=state --equiv=0 --align
------------------------------------------------------------------------
zlex                  18098    492    344  18934    1.00  0.20  1.20
  --reject=0 --back=0 --compress=no --table=state --equiv=1 --align
------------------------------------------------------------------------
zlex                  32266    492    344  33102    1.13  0.13  1.26
  --reject=0 --back=0 --compress=iter --table=addr --equiv=0
------------------------------------------------------------------------
zlex                  15002    492    344  15838    1.23  0.20  1.43
  --reject=0 --back=0 --compress=iter --table=addr --equiv=1
------------------------------------------------------------------------
zlex                  18626    492    344  19462    1.40  0.10  1.50
  --reject=0 --back=0 --compress=iter --table=state --equiv=0
------------------------------------------------------------------------
zlex                  10434    492    344  11270    1.33  0.17  1.50
  --reject=0 --back=0 --compress=iter --table=state --equiv=1
------------------------------------------------------------------------
zlex                  29338    492    344  30174    1.27  0.20  1.47
  --reject=0 --back=0 --compress=iter --table=state --equiv=0 --align
------------------------------------------------------------------------
zlex                  14714    492    344  15550    1.27  0.13  1.40
  --reject=0 --back=0 --compress=iter --table=state --equiv=1 --align
------------------------------------------------------------------------
zlex                  36290    492    344  37126    1.07  0.13  1.20
  --reject=0 --back=0 --compress=comb --table=addr --equiv=0
------------------------------------------------------------------------
zlex                  15282    492    344  16118    1.20  0.13  1.33
  --reject=0 --back=0 --compress=comb --table=addr --equiv=1
------------------------------------------------------------------------
zlex                  18986    492    344  19822    1.23  0.13  1.36
  --reject=0 --back=0 --compress=comb --table=state --equiv=0
------------------------------------------------------------------------
zlex                  10458    492    344  11294    1.27  0.17  1.44
  --reject=0 --back=0 --compress=comb --table=state --equiv=1
------------------------------------------------------------------------
zlex                  30106    492    344  30942    1.20  0.17  1.37
  --reject=0 --back=0 --compress=comb --table=state --equiv=0 --align
------------------------------------------------------------------------
zlex                  14906    492    344  15742    3.73  0.17  3.90
  --reject=0 --back=0 --compress=comb --table=state --equiv=1 --align
------------------------------------------------------------------------
zlex                  22274    492    344  23110    1.07  0.20  1.27
  --reject=0 --back=0 --compress=comb --table=index --equiv=0
------------------------------------------------------------------------
zlex                  11914    492    344  12750    1.20  0.20  1.40
  --reject=0 --back=0 --compress=comb --table=index --equiv=1
------------------------------------------------------------------------
zlex                  36418    492    344  37254    1.10  0.20  1.30
  --reject=0 --back=0 --compress=comb --table=index --equiv=0 --align
------------------------------------------------------------------------
zlex                  16186    492    344  17022    1.23  0.17  1.40
  --reject=0 --back=0 --compress=comb --table=index --equiv=1 --align
------------------------------------------------------------------------
zlex                  80642    492    344  81478    1.13  0.17  1.30
  --reject=0 --back=1 --compress=no --table=addr --equiv=0 --align
------------------------------------------------------------------------
zlex                  80634    492    344  81470    1.07  0.17  1.24
  --reject=0 --back=1 --compress=no --table=addr --equiv=0
------------------------------------------------------------------------
zlex                  17114    492    344  17950    1.27  0.10  1.37
  --reject=0 --back=1 --compress=no --table=addr --equiv=1
------------------------------------------------------------------------
zlex                  25866    492    344  26702    0.93  0.13  1.06
  --reject=0  --back=1 --compress=no --table=state --equiv=0
------------------------------------------------------------------------
zlex                  10242    492    344  11078    1.00  0.17  1.17
  --reject=0 --back=1 --compress=no --table=state --equiv=1
------------------------------------------------------------------------
zlex                  80570    492    344  81406    0.93  0.17  1.10
  --reject=0 --back=1 --compress=no --table=state --equiv=0 --align
------------------------------------------------------------------------
zlex                  18010    492    344  18846    1.10  0.13  1.23
  --reject=0 --back=1 --compress=no --table=state --equiv=1 --align
------------------------------------------------------------------------
zlex                  16522    492    344  17358    1.57  0.10  1.67
  --reject=0 --back=1 --compress=iter --table=addr --equiv=0
------------------------------------------------------------------------
zlex                  11794    492    344  12630    1.50  0.17  1.67
  --reject=0 --back=1 --compress=iter --table=addr --equiv=1
------------------------------------------------------------------------
zlex                  10610    492    344  11446    1.70  0.17  1.87
  --reject=0 --back=1 --compress=iter --table=state --equiv=0
------------------------------------------------------------------------
zlex                   8682    492    344   9518    1.50  0.10  1.60
  --reject=0 --back=1 --compress=iter --table=state --equiv=1
------------------------------------------------------------------------
zlex                  15202    492    344  16038    1.63  0.17  1.80
  --reject=0 --back=1 --compress=iter --table=state --equiv=0 --align
------------------------------------------------------------------------
zlex                  11482    492    344  12318    1.60  0.13  1.73
  --reject=0 --back=1 --compress=iter --table=state --equiv=1 --align
------------------------------------------------------------------------
zlex                  36114    492    344  36950    1.13  0.27  1.40
  --reject=0 --back=1 --compress=comb --table=addr --equiv=0
------------------------------------------------------------------------
zlex                  15098    492    344  15934    1.33  0.13  1.46
  --reject=0 --back=1 --compress=comb --table=addr --equiv=1
------------------------------------------------------------------------
zlex                  16138    492    344  16974    1.40  0.10  1.50
  --reject=0 --back=1 --compress=comb --table=state --equiv=0
------------------------------------------------------------------------
zlex                   9562    492    344  10398    1.40  0.17  1.57
  --reject=0 --back=1 --compress=comb --table=state --equiv=1
------------------------------------------------------------------------
zlex                  29994    492    344  30830    1.37  0.17  1.54
  --reject=0 --back=1 --compress=comb --table=state --equiv=0 --align
------------------------------------------------------------------------
zlex                  14770    492    344  15606    1.40  0.20  1.60
  --reject=0 --back=1 --compress=comb --table=state --equiv=1 --align
------------------------------------------------------------------------
zlex                  22090    492    344  22926    1.30  0.17  1.47
  --reject=0 --back=1 --compress=comb --table=index --equiv=0
------------------------------------------------------------------------
zlex                  11722    492    344  12558    1.47  0.13  1.60
  --reject=0 --back=1 --compress=comb --table=index --equiv=1
------------------------------------------------------------------------
zlex                  36298    492    344  37134    1.30  0.13  1.43
  --reject=0 --back=1 --compress=comb --table=index --equiv=0 --align
------------------------------------------------------------------------
zlex                  16050    492    344  16886    1.40  0.13  1.53
  --reject=0 --back=1 --compress=comb --table=index --equiv=1 --align
------------------------------------------------------------------------
flex    -CrF          31564    380    356  32300    1.37  0.17  1.54
------------------------------------------------------------------------
flex    -Crf          36308    360    360  37028    1.17  0.13  1.30
------------------------------------------------------------------------
flex    -CrFe         14172    380    356  14908    1.57  0.17  1.74
------------------------------------------------------------------------
flex    -Crfe         15436    360    360  16156    1.33  0.17  1.50
------------------------------------------------------------------------
flex    -Cr           25356    360    360  26076    2.47  0.13  2.60
------------------------------------------------------------------------
flex    -Cre          11004    360    360  11724    2.43  0.17  2.60
------------------------------------------------------------------------
flex    -Crm          13572    360    360  14292    2.70  0.13  2.83
------------------------------------------------------------------------
flex    -Crem         10404    360    360  11124    3.03  0.17  3.20
------------------------------------------------------------------------
flex    -CrFa         56188    380    356  56924    1.33  0.13  1.46
------------------------------------------------------------------------
flex    -Crfa         65196    360    360  65916    1.17  0.13  1.30
------------------------------------------------------------------------
lex     -n             5353   6340   6176  17869    5.13  0.10  5.23
------------------------------------------------------------------------

crec2:	A C-scanner which simply RECOGNIZES tokens; it uses input()
	for processing comments.
	wc on input file: 71100 275460 2192880 crec2.in

========================================================================
SCANGEN    OPTIONS                SIZES                   TIMES
                      TEXT   DATA     BSS  TOTAL     USER SYS  TOTAL
========================================================================
zlex                  74858    492    344  75694    1.17  0.13  1.30
  --reject=0 --back=0 --compress=no --table=addr --equiv=0 --align
------------------------------------------------------------------------
zlex                  74858    492    344  75694    1.13  0.17  1.30
  --reject=0 --back=0 --compress=no --table=addr --equiv=0
------------------------------------------------------------------------
zlex                  16722    492    344  17558    1.27  0.17  1.44
  --reject=0 --back=0 --compress=no --table=addr --equiv=1
------------------------------------------------------------------------
zlex                  41314    492    344  42150    1.10  0.17  1.27
  --reject=0  --back=0 --compress=no --table=state --equiv=0
------------------------------------------------------------------------
zlex                  12482    492    344  13318    1.10  0.23  1.33
  --reject=0 --back=0 --compress=no --table=state --equiv=1
------------------------------------------------------------------------
zlex                  74634    492    344  75470    1.10  0.17  1.27
  --reject=0 --back=0 --compress=no --table=state --equiv=0 --align
------------------------------------------------------------------------
zlex                  17458    492    344  18294    1.17  0.17  1.34
  --reject=0 --back=0 --compress=no --table=state --equiv=1 --align
------------------------------------------------------------------------
zlex                  32306    492    344  33142    1.37  0.13  1.50
  --reject=0 --back=0 --compress=iter --table=addr --equiv=0
------------------------------------------------------------------------
zlex                  14898    492    344  15734    1.50  0.13  1.63
  --reject=0 --back=0 --compress=iter --table=addr --equiv=1
------------------------------------------------------------------------
zlex                  18794    492    344  19630    1.53  0.13  1.66
  --reject=0 --back=0 --compress=iter --table=state --equiv=0
------------------------------------------------------------------------
zlex                  10578    492    344  11414    1.47  0.20  1.67
  --reject=0 --back=0 --compress=iter --table=state --equiv=1
------------------------------------------------------------------------
zlex                  29354    492    344  30190    1.50  0.17  1.67
  --reject=0 --back=0 --compress=iter --table=state --equiv=0 --align
------------------------------------------------------------------------
zlex                  14682    492    344  15518    1.43  0.17  1.60
  --reject=0 --back=0 --compress=iter --table=state --equiv=1 --align
------------------------------------------------------------------------
zlex                  36442    492    344  37278    1.37  0.20  1.57
  --reject=0 --back=0 --compress=comb --table=addr --equiv=0
------------------------------------------------------------------------
zlex                  15130    492    344  15966    1.47  0.17  1.64
  --reject=0 --back=0 --compress=comb --table=addr --equiv=1
------------------------------------------------------------------------
zlex                  19154    492    344  19990    1.50  0.17  1.67
  --reject=0 --back=0 --compress=comb --table=state --equiv=0
------------------------------------------------------------------------
zlex                  10602    492    344  11438    1.53  0.10  1.63
  --reject=0 --back=0 --compress=comb --table=state --equiv=1
------------------------------------------------------------------------
zlex                  30170    492    344  31006    1.43  0.17  1.60
  --reject=0 --back=0 --compress=comb --table=state --equiv=0 --align
------------------------------------------------------------------------
zlex                  14874    492    344  15710    1.50  0.17  1.67
  --reject=0 --back=0 --compress=comb --table=state --equiv=1 --align
------------------------------------------------------------------------
zlex                  22442    492    344  23278    1.33  0.17  1.50
  --reject=0 --back=0 --compress=comb --table=index --equiv=0
------------------------------------------------------------------------
zlex                  11930    492    344  12766    1.53  0.17  1.70
  --reject=0 --back=0 --compress=comb --table=index --equiv=1
------------------------------------------------------------------------
zlex                  36490    492    344  37326    1.37  0.17  1.54
  --reject=0 --back=0 --compress=comb --table=index --equiv=0 --align
------------------------------------------------------------------------
zlex                  15954    492    344  16790    1.47  0.17  1.64
  --reject=0 --back=0 --compress=comb --table=index --equiv=1 --align
------------------------------------------------------------------------
zlex                  74778    492    344  75614    1.43  0.17  1.60
  --reject=0 --back=1 --compress=no --table=addr --equiv=0 --align
------------------------------------------------------------------------
zlex                  74778    492    344  75614    1.47  0.17  1.64
  --reject=0 --back=1 --compress=no --table=addr --equiv=0
------------------------------------------------------------------------
zlex                  16610    492    344  17446    1.60  0.13  1.73
  --reject=0 --back=1 --compress=no --table=addr --equiv=1
------------------------------------------------------------------------
zlex                  24594    492    344  25430    1.23  0.17  1.40
  --reject=0  --back=1 --compress=no --table=state --equiv=0
------------------------------------------------------------------------
zlex                  10314    492    344  11150    1.33  0.10  1.43
  --reject=0 --back=1 --compress=no --table=state --equiv=1
------------------------------------------------------------------------
zlex                  74578    492    344  75414    1.23  0.20  1.43
  --reject=0 --back=1 --compress=no --table=state --equiv=0 --align
------------------------------------------------------------------------
zlex                  17394    492    344  18230    1.33  0.17  1.50
  --reject=0 --back=1 --compress=no --table=state --equiv=1 --align
------------------------------------------------------------------------
zlex                  16170    492    344  17006    1.77  0.10  1.87
  --reject=0 --back=1 --compress=iter --table=addr --equiv=0
------------------------------------------------------------------------
zlex                  11794    492    344  12630    1.67  0.20  1.87
  --reject=0 --back=1 --compress=iter --table=addr --equiv=1
------------------------------------------------------------------------
zlex                  10850    492    344  11686    1.93  0.13  2.06
  --reject=0 --back=1 --compress=iter --table=state --equiv=0
------------------------------------------------------------------------
zlex                   8898    492    344   9734    1.60  0.23  1.83
  --reject=0 --back=1 --compress=iter --table=state --equiv=1
------------------------------------------------------------------------
zlex                  15314    492    344  16150    1.90  0.17  2.07
  --reject=0 --back=1 --compress=iter --table=state --equiv=0 --align
------------------------------------------------------------------------
zlex                  11458    492    344  12294    1.73  0.13  1.86
  --reject=0 --back=1 --compress=iter --table=state --equiv=1 --align
------------------------------------------------------------------------
zlex                  36322    492    344  37158    1.50  0.13  1.63
  --reject=0 --back=1 --compress=comb --table=addr --equiv=0
------------------------------------------------------------------------
zlex                  15002    492    344  15838    1.70  0.13  1.83
  --reject=0 --back=1 --compress=comb --table=addr --equiv=1
------------------------------------------------------------------------
zlex                  16370    492    344  17206    1.57  0.20  1.77
  --reject=0 --back=1 --compress=comb --table=state --equiv=0
------------------------------------------------------------------------
zlex                   9770    492    344  10606    1.57  0.17  1.74
  --reject=0 --back=1 --compress=comb --table=state --equiv=1
------------------------------------------------------------------------
zlex                  30074    492    344  30910    1.53  0.17  1.70
  --reject=0 --back=1 --compress=comb --table=state --equiv=0 --align
------------------------------------------------------------------------
zlex                  14746    492    344  15582    1.67  0.13  1.80
  --reject=0 --back=1 --compress=comb --table=state --equiv=1 --align
------------------------------------------------------------------------
zlex                  22314    492    344  23150    1.57  0.17  1.74
  --reject=0 --back=1 --compress=comb --table=index --equiv=0
------------------------------------------------------------------------
zlex                  11794    492    344  12630    1.67  0.17  1.84
  --reject=0 --back=1 --compress=comb --table=index --equiv=1
------------------------------------------------------------------------
zlex                  36378    492    344  37214    1.53  0.17  1.70
  --reject=0 --back=1 --compress=comb --table=index --equiv=0 --align
------------------------------------------------------------------------
zlex                  15834    492    344  16670    1.77  0.17  1.94
  --reject=0 --back=1 --compress=comb --table=index --equiv=1 --align
------------------------------------------------------------------------
flex    -CrF          28244    372    356  28972    1.57  0.17  1.74
------------------------------------------------------------------------
flex    -Crf          33916    360    360  34636    1.47  0.10  1.57
------------------------------------------------------------------------
flex    -CrFe         13324    372    356  14052    1.73  0.17  1.90
------------------------------------------------------------------------
flex    -Crfe         14804    360    360  15524    1.63  0.17  1.80
------------------------------------------------------------------------
flex    -Cr           17852    360    360  18572    2.43  0.10  2.53
------------------------------------------------------------------------
flex    -Cre          10508    360    360  11228    2.63  0.20  2.83
------------------------------------------------------------------------
flex    -Crm          13028    360    360  13748    2.60  0.13  2.73
------------------------------------------------------------------------
flex    -Crem         10228    360    360  10948    2.57  0.13  2.70
------------------------------------------------------------------------
flex    -CrFa         49596    372    356  50324    1.60  0.13  1.73
------------------------------------------------------------------------
flex    -Crfa         60484    360    360  61204    1.50  0.20  1.70
------------------------------------------------------------------------
lex     -n             5537   5924   6176  17637    3.87  0.17  4.04
------------------------------------------------------------------------


reject: A scanner which does repeated rejects.  
	wc on input file: 390625 390625 1953125 reject.in

========================================================================
SCANGEN    OPTIONS                SIZES                   TIMES
                      TEXT   DATA     BSS  TOTAL     USER SYS  TOTAL
========================================================================
zlex                  14810    492    344  15646    5.60  0.13  5.73
  --back=0 --compress=no --table=addr --equiv=0 --align
------------------------------------------------------------------------
zlex                  14810    492    344  15646    5.67  0.17  5.84
  --back=0 --compress=no --table=addr --equiv=0
------------------------------------------------------------------------
zlex                   8122    492    344   8958    6.33  0.10  6.43
  --back=0 --compress=no --table=addr --equiv=1
------------------------------------------------------------------------
zlex                   9346    492    344  10182    4.93  0.13  5.06
   --back=0 --compress=no --table=state --equiv=0
------------------------------------------------------------------------
zlex                   7890    492    344   8726    5.23  0.10  5.33
  --back=0 --compress=no --table=state --equiv=1
------------------------------------------------------------------------
zlex                  14738    492    344  15574    5.00  0.10  5.10
  --back=0 --compress=no --table=state --equiv=0 --align
------------------------------------------------------------------------
zlex                   8850    492    344   9686    5.23  0.10  5.33
  --back=0 --compress=no --table=state --equiv=1 --align
------------------------------------------------------------------------
zlex                   9898    492    344  10734    6.17  0.13  6.30
  --back=0 --compress=iter --table=addr --equiv=0
------------------------------------------------------------------------
zlex                   8242    492    344   9078    6.73  0.10  6.83
  --back=0 --compress=iter --table=addr --equiv=1
------------------------------------------------------------------------
zlex                   8346    492    344   9182    6.43  0.10  6.53
  --back=0 --compress=iter --table=state --equiv=0
------------------------------------------------------------------------
zlex                   8002    492    344   8838    6.57  0.10  6.67
  --back=0 --compress=iter --table=state --equiv=1
------------------------------------------------------------------------
zlex                   9250    492    344  10086    6.43  0.13  6.56
  --back=0 --compress=iter --table=state --equiv=0 --align
------------------------------------------------------------------------
zlex                   8922    492    344   9758    6.67  0.10  6.77
  --back=0 --compress=iter --table=state --equiv=1 --align
------------------------------------------------------------------------
zlex                   9850    492    344  10686    6.40  0.10  6.50
  --back=0 --compress=comb --table=addr --equiv=0
------------------------------------------------------------------------
zlex                   8202    492    344   9038    7.00  0.17  7.17
  --back=0 --compress=comb --table=addr --equiv=1
------------------------------------------------------------------------
zlex                   8306    492    344   9142    6.40  0.10  6.50
  --back=0 --compress=comb --table=state --equiv=0
------------------------------------------------------------------------
zlex                   7962    492    344   8798    6.67  0.10  6.77
  --back=0 --compress=comb --table=state --equiv=1
------------------------------------------------------------------------
zlex                   9210    492    344  10046    6.43  0.10  6.53
  --back=0 --compress=comb --table=state --equiv=0 --align
------------------------------------------------------------------------
zlex                   8882    492    344   9718    6.97  0.10  7.07
  --back=0 --compress=comb --table=state --equiv=1 --align
------------------------------------------------------------------------
zlex                   8786    492    344   9622    6.73  0.10  6.83
  --back=0 --compress=comb --table=index --equiv=0
------------------------------------------------------------------------
zlex                   8106    492    344   8942    7.23  0.10  7.33
  --back=0 --compress=comb --table=index --equiv=1
------------------------------------------------------------------------
zlex                   9866    492    344  10702    6.53  0.10  6.63
  --back=0 --compress=comb --table=index --equiv=0 --align
------------------------------------------------------------------------
zlex                   8994    492    344   9830    7.27  0.10  7.37
  --back=0 --compress=comb --table=index --equiv=1 --align
------------------------------------------------------------------------
zlex                  14786    492    344  15622    5.07  0.10  5.17
  --back=1 --compress=no --table=addr --equiv=0 --align
------------------------------------------------------------------------
zlex                  14786    492    344  15622    5.27  0.13  5.40
  --back=1 --compress=no --table=addr --equiv=0
------------------------------------------------------------------------
zlex                   8090    492    344   8926    5.17  0.10  5.27
  --back=1 --compress=no --table=addr --equiv=1
------------------------------------------------------------------------
zlex                   9330    492    344  10166    4.43  0.17  4.60
   --back=1 --compress=no --table=state --equiv=0
------------------------------------------------------------------------
zlex                   7874    492    344   8710    4.87  0.10  4.97
  --back=1 --compress=no --table=state --equiv=1
------------------------------------------------------------------------
zlex                  14722    492    344  15558    4.60  0.13  4.73
  --back=1 --compress=no --table=state --equiv=0 --align
------------------------------------------------------------------------
zlex                   8826    492    344   9662    4.90  0.10  5.00
  --back=1 --compress=no --table=state --equiv=1 --align
------------------------------------------------------------------------
zlex                   9826    492    344  10662    5.37  0.07  5.44
  --back=1 --compress=iter --table=addr --equiv=0
------------------------------------------------------------------------
zlex                   8162    492    344   8998    5.43  0.10  5.53
  --back=1 --compress=iter --table=addr --equiv=1
------------------------------------------------------------------------
zlex                   8290    492    344   9126    5.30  0.20  5.50
  --back=1 --compress=iter --table=state --equiv=0
------------------------------------------------------------------------
zlex                   7946    492    344   8782    5.83  0.13  5.96
  --back=1 --compress=iter --table=state --equiv=1
------------------------------------------------------------------------
zlex                   9194    492    344  10030    5.57  0.13  5.70
  --back=1 --compress=iter --table=state --equiv=0 --align
------------------------------------------------------------------------
zlex                   8850    492    344   9686    5.67  0.10  5.77
  --back=1 --compress=iter --table=state --equiv=1 --align
------------------------------------------------------------------------
zlex                   9802    492    344  10638    5.20  0.10  5.30
  --back=1 --compress=comb --table=addr --equiv=0
------------------------------------------------------------------------
zlex                   8146    492    344   8982    5.53  0.13  5.66
  --back=1 --compress=comb --table=addr --equiv=1
------------------------------------------------------------------------
zlex                   8274    492    344   9110    5.47  0.10  5.57
  --back=1 --compress=comb --table=state --equiv=0
------------------------------------------------------------------------
zlex                   7930    492    344   8766    5.57  0.13  5.70
  --back=1 --compress=comb --table=state --equiv=1
------------------------------------------------------------------------
zlex                   9178    492    344  10014    5.70  0.13  5.83
  --back=1 --compress=comb --table=state --equiv=0 --align
------------------------------------------------------------------------
zlex                   8834    492    344   9670    5.70  0.10  5.80
  --back=1 --compress=comb --table=state --equiv=1 --align
------------------------------------------------------------------------
zlex                   8730    492    344   9566    5.33  0.17  5.50
  --back=1 --compress=comb --table=index --equiv=0
------------------------------------------------------------------------
zlex                   8042    492    344   8878    5.63  0.10  5.73
  --back=1 --compress=comb --table=index --equiv=1
------------------------------------------------------------------------
zlex                   9810    492    344  10646    5.30  0.13  5.43
  --back=1 --compress=comb --table=index --equiv=0 --align
------------------------------------------------------------------------
zlex                   8922    492    344   9758    5.67  0.10  5.77
  --back=1 --compress=comb --table=index --equiv=1 --align
------------------------------------------------------------------------
flex    -CrF ** make failed **
flex    -Crf ** make failed **
flex    -CrFe ** make failed **
flex    -Crfe ** make failed **
flex    -Cr            9380    360  65904  75644    7.53  0.10  7.63
------------------------------------------------------------------------
flex    -Cre           8148    360  65904  74412    8.43  0.13  8.56
------------------------------------------------------------------------
flex    -Crm           9460    360  65904  75724    7.73  0.10  7.83
------------------------------------------------------------------------
flex    -Crem          8292    360  65904  74556    8.73  0.10  8.83
------------------------------------------------------------------------
flex    -CrFa ** make failed **
flex    -Crfa ** make failed **
lex     -n             5793   1100   6176  13069   14.40  0.13 14.53
------------------------------------------------------------------------

